<?xml version="1.0" encoding="UTF-8" ?>
<testsuite tests="0" failures="0" name="test.minio.MinioTemplateTest" time="0" errors="0" skipped="0">
  <properties>
    <property name="idea.version" value="2022.3.2"/>
    <property name="java.runtime.name" value="Java(TM) SE Runtime Environment"/>
    <property name="java.vm.version" value="17.0.7+8-LTS-224"/>
    <property name="sun.boot.library.path" value="C:\files\app_install\jdk17\bin"/>
    <property name="maven.multiModuleProjectDirectory" value="C:\files\自学\starter\minio-client\minin-demo\minio-spring-demo"/>
    <property name="java.vm.vendor" value="Oracle Corporation"/>
    <property name="java.vendor.url" value="https://java.oracle.com/"/>
    <property name="guice.disable.misplaced.annotation.check" value="true"/>
    <property name="path.separator" value=";"/>
    <property name="java.vm.name" value="Java HotSpot(TM) 64-Bit Server VM"/>
    <property name="sun.os.patch.level" value=""/>
    <property name="user.script" value=""/>
    <property name="user.country" value="CN"/>
    <property name="sun.java.launcher" value="SUN_STANDARD"/>
    <property name="java.vm.specification.name" value="Java Virtual Machine Specification"/>
    <property name="user.dir" value="C:\files\自学\starter\minio-client\minin-demo\minio-spring-demo"/>
    <property name="java.vm.compressedOopsMode" value="Zero based"/>
    <property name="java.runtime.version" value="17.0.7+8-LTS-224"/>
    <property name="os.arch" value="amd64"/>
    <property name="java.io.tmpdir" value="C:\Users\make_\AppData\Local\Temp\"/>
    <property name="line.separator" value="
"/>
    <property name="java.vm.specification.vendor" value="Oracle Corporation"/>
    <property name="user.variant" value=""/>
    <property name="os.name" value="Windows 11"/>
    <property name="maven.ext.class.path" value="C:\files\app_install\IntelliJ_IDEA_2022.2.3\IntelliJ IDEA 2022.2.3\plugins\maven\lib\maven-event-listener.jar"/>
    <property name="classworlds.conf" value="C:\files\decompression\maven\apache-maven-3.8.5\bin\m2.conf"/>
    <property name="sun.jnu.encoding" value="GBK"/>
    <property name="java.library.path" value="C:\files\app_install\jdk17\bin;C:\Windows\Sun\Java\bin;C:\Windows\system32;C:\Windows;C:\Program Files\Common Files\Oracle\Java\javapath;C:\files\app_install\VMware Workstation\bin\;C:\Program Files (x86)\Common Files\Oracle\Java\javapath;C:\Windows\system32;C:\Windows;C:\Windows\System32\Wbem;C:\Windows\System32\WindowsPowerShell\v1.0\;C:\Windows\System32\OpenSSH\;C:\files\app_install\Git\Git\cmd;C:\files\app_install\Tencent\微信web开发者工具\dll;C:\files\app_install\nvm\nvm;C:\Program Files\nodejs;C:\Program Files\dotnet\;C:\Program Files\Pandoc\;C:\files\pengqi-work\pwngqi-environment\install\TortoiseSVN\bin;C:\Users\make_\AppData\Local\Microsoft\WindowsApps;C:\files\decompression\maven\apache-maven-3.8.5\bin;C:\files\app_install\jdk.8u333\jdk1.8.0_333\bin;C:\files\app_install\vscode\Microsoft VS Code\bin;C:\files\decompression\mysql\mysql-8.0.31-winx64\mysql-8.0.31-winx64\bin;C:\files\app_install\nvm\nvm;C:\Program Files\RabbitMQ Server\rabbitmq_server-3.11.2\sbin;C:\Program Files\nodejs;."/>
    <property name="jansi.passthrough" value="true"/>
    <property name="maven.conf" value="C:\files\decompression\maven\apache-maven-3.8.5/conf"/>
    <property name="jdk.debug" value="release"/>
    <property name="java.class.version" value="61.0"/>
    <property name="java.specification.name" value="Java Platform API Specification"/>
    <property name="sun.management.compiler" value="HotSpot 64-Bit Tiered Compilers"/>
    <property name="os.version" value="10.0"/>
    <property name="user.home" value="C:\Users\make_"/>
    <property name="user.timezone" value="Asia/Shanghai"/>
    <property name="file.encoding" value="UTF-8"/>
    <property name="java.specification.version" value="17"/>
    <property name="user.name" value="make_"/>
    <property name="java.class.path" value="C:\files\decompression\maven\apache-maven-3.8.5\boot\plexus-classworlds-2.6.0.jar;C:\files\decompression\maven\apache-maven-3.8.5\boot\plexus-classworlds.license"/>
    <property name="java.vm.specification.version" value="17"/>
    <property name="sun.arch.data.model" value="64"/>
    <property name="sun.java.command" value="org.codehaus.classworlds.Launcher -Didea.version=2022.3.2 -s C:\files\decompression\maven\apache-maven-3.8.5\conf\settings.xml install"/>
    <property name="java.home" value="C:\files\app_install\jdk17"/>
    <property name="user.language" value="zh"/>
    <property name="java.specification.vendor" value="Oracle Corporation"/>
    <property name="java.vm.info" value="mixed mode, sharing"/>
    <property name="java.version" value="17.0.7"/>
    <property name="native.encoding" value="GBK"/>
    <property name="java.vendor" value="Oracle Corporation"/>
    <property name="maven.home" value="C:\files\decompression\maven\apache-maven-3.8.5"/>
    <property name="file.separator" value="\"/>
    <property name="java.version.date" value="2023-04-18"/>
    <property name="java.vendor.url.bug" value="https://bugreport.java.com/bugreport/"/>
    <property name="sun.io.unicode.encoding" value="UnicodeLittle"/>
    <property name="sun.cpu.endian" value="little"/>
    <property name="sun.cpu.isalist" value="amd64"/>
  </properties>
</testsuite>