<?xml version="1.0" encoding="UTF-8" ?>
<testsuite tests="0" failures="0" name="test.minio.MinioTemplateTest" time="0" errors="0" skipped="0">
  <properties>
    <property name="idea.version" value="2022.3.2"/>
    <property name="java.runtime.name" value="Java(TM) SE Runtime Environment"/>
    <property name="sun.boot.library.path" value="C:\files\app_install\jdk.8u333\jdk1.8.0_333\jre\bin"/>
    <property name="java.vm.version" value="25.333-b02"/>
    <property name="java.vm.vendor" value="Oracle Corporation"/>
    <property name="maven.multiModuleProjectDirectory" value="C:\files\decompression\starter\minio-client"/>
    <property name="java.vendor.url" value="http://java.oracle.com/"/>
    <property name="path.separator" value=";"/>
    <property name="guice.disable.misplaced.annotation.check" value="true"/>
    <property name="java.vm.name" value="Java HotSpot(TM) 64-Bit Server VM"/>
    <property name="file.encoding.pkg" value="sun.io"/>
    <property name="user.script" value=""/>
    <property name="user.country" value="CN"/>
    <property name="sun.java.launcher" value="SUN_STANDARD"/>
    <property name="sun.os.patch.level" value=""/>
    <property name="java.vm.specification.name" value="Java Virtual Machine Specification"/>
    <property name="user.dir" value="C:\files\decompression\starter\minio-client"/>
    <property name="java.runtime.version" value="1.8.0_333-b02"/>
    <property name="java.awt.graphicsenv" value="sun.awt.Win32GraphicsEnvironment"/>
    <property name="java.endorsed.dirs" value="C:\files\app_install\jdk.8u333\jdk1.8.0_333\jre\lib\endorsed"/>
    <property name="os.arch" value="amd64"/>
    <property name="java.io.tmpdir" value="C:\Users\make_\AppData\Local\Temp\"/>
    <property name="line.separator" value="
"/>
    <property name="java.vm.specification.vendor" value="Oracle Corporation"/>
    <property name="user.variant" value=""/>
    <property name="os.name" value="Windows 11"/>
    <property name="maven.ext.class.path" value="C:\files\app_install\IntelliJ_IDEA_2022.2.3\IntelliJ IDEA 2022.2.3\plugins\maven\lib\maven-event-listener.jar"/>
    <property name="classworlds.conf" value="C:\files\decompression\maven\apache-maven-3.8.5\bin\m2.conf"/>
    <property name="sun.jnu.encoding" value="GBK"/>
    <property name="java.library.path" value="C:\files\app_install\jdk.8u333\jdk1.8.0_333\bin;C:\Windows\Sun\Java\bin;C:\Windows\system32;C:\Windows;C:\files\app_install\VMware Workstation\bin\;C:\Program Files (x86)\Common Files\Oracle\Java\javapath;C:\Windows\system32;C:\Windows;C:\Windows\System32\Wbem;C:\Windows\System32\WindowsPowerShell\v1.0\;C:\Windows\System32\OpenSSH\;C:\files\app_install\Git\Git\cmd;C:\files\app_install\Xshell 7\;C:\files\app_install\Xftp 7\;C:\files\app_install\Tencent\微信web开发者工具\dll;C:\files\app_install\nvm\nvm;C:\files\app_install\nodeJS;C:\Program Files\dotnet\;C:\Users\make_\AppData\Local\Microsoft\WindowsApps;C:\files\decompression\maven\apache-maven-3.8.5\bin;C:\files\app_install\jdk.8u333\jdk1.8.0_333\bin;C:\files\app_install\vscode\Microsoft VS Code\bin;C:\files\decompression\mysql\mysql-8.0.31-winx64\mysql-8.0.31-winx64\bin;C:\files\app_install\nvm\nvm;C:\Program Files\RabbitMQ Server\rabbitmq_server-3.11.2\sbin;;."/>
    <property name="jansi.passthrough" value="true"/>
    <property name="maven.conf" value="C:\files\decompression\maven\apache-maven-3.8.5/conf"/>
    <property name="java.specification.name" value="Java Platform API Specification"/>
    <property name="java.class.version" value="52.0"/>
    <property name="sun.management.compiler" value="HotSpot 64-Bit Tiered Compilers"/>
    <property name="os.version" value="10.0"/>
    <property name="user.home" value="C:\Users\make_"/>
    <property name="user.timezone" value="Asia/Shanghai"/>
    <property name="java.awt.printerjob" value="sun.awt.windows.WPrinterJob"/>
    <property name="java.specification.version" value="1.8"/>
    <property name="file.encoding" value="UTF-8"/>
    <property name="user.name" value="make_"/>
    <property name="java.class.path" value="C:\files\decompression\maven\apache-maven-3.8.5\boot\plexus-classworlds-2.6.0.jar;C:\files\decompression\maven\apache-maven-3.8.5\boot\plexus-classworlds.license;C:\files\app_install\IntelliJ_IDEA_2022.2.3\IntelliJ IDEA 2022.2.3\lib\idea_rt.jar"/>
    <property name="java.vm.specification.version" value="1.8"/>
    <property name="sun.arch.data.model" value="64"/>
    <property name="java.home" value="C:\files\app_install\jdk.8u333\jdk1.8.0_333\jre"/>
    <property name="sun.java.command" value="org.codehaus.classworlds.Launcher -Didea.version=2022.3.2 -s C:\files\decompression\maven\apache-maven-3.8.5\conf\settings.xml package"/>
    <property name="java.specification.vendor" value="Oracle Corporation"/>
    <property name="user.language" value="zh"/>
    <property name="awt.toolkit" value="sun.awt.windows.WToolkit"/>
    <property name="java.vm.info" value="mixed mode"/>
    <property name="java.version" value="1.8.0_333"/>
    <property name="java.ext.dirs" value="C:\files\app_install\jdk.8u333\jdk1.8.0_333\jre\lib\ext;C:\Windows\Sun\Java\lib\ext"/>
    <property name="sun.boot.class.path" value="C:\files\app_install\jdk.8u333\jdk1.8.0_333\jre\lib\resources.jar;C:\files\app_install\jdk.8u333\jdk1.8.0_333\jre\lib\rt.jar;C:\files\app_install\jdk.8u333\jdk1.8.0_333\jre\lib\sunrsasign.jar;C:\files\app_install\jdk.8u333\jdk1.8.0_333\jre\lib\jsse.jar;C:\files\app_install\jdk.8u333\jdk1.8.0_333\jre\lib\jce.jar;C:\files\app_install\jdk.8u333\jdk1.8.0_333\jre\lib\charsets.jar;C:\files\app_install\jdk.8u333\jdk1.8.0_333\jre\lib\jfr.jar;C:\files\app_install\jdk.8u333\jdk1.8.0_333\jre\classes"/>
    <property name="java.vendor" value="Oracle Corporation"/>
    <property name="maven.home" value="C:\files\decompression\maven\apache-maven-3.8.5"/>
    <property name="file.separator" value="\"/>
    <property name="java.vendor.url.bug" value="http://bugreport.sun.com/bugreport/"/>
    <property name="sun.cpu.endian" value="little"/>
    <property name="sun.io.unicode.encoding" value="UnicodeLittle"/>
    <property name="sun.desktop" value="windows"/>
    <property name="sun.cpu.isalist" value="amd64"/>
  </properties>
</testsuite>